<?xml version="1.0" encoding="UTF-8"?>
<testng-results ignored="0" total="1" passed="1" failed="0" skipped="0">
  <reporter-output>
  </reporter-output>
  <suite started-at="2021-09-06T10:21:58 IST" name="Default suite" finished-at="2021-09-06T10:21:58 IST" duration-ms="37">
    <groups>
    </groups>
    <test started-at="2021-09-06T10:21:58 IST" name="Default test" finished-at="2021-09-06T10:21:58 IST" duration-ms="37">
      <class name="swaping.SwapTest">
        <test-method signature="swaps()[pri:0, instance:swaping.SwapTest@1bb266b3]" started-at="2021-09-06T10:21:58 IST" name="swaps" finished-at="2021-09-06T10:21:58 IST" duration-ms="8" status="PASS">
          <reporter-output>
          </reporter-output>
        </test-method> <!-- swaps -->
      </class> <!-- swaping.SwapTest -->
    </test> <!-- Default test -->
  </suite> <!-- Default suite -->
</testng-results>
